frontend/build/app/intermediates/manifest_merge_blame_file/release/manifest-merger-blame-release-report.txt
1<?xml version="1.0" encoding="utf-8"?>
2<manifest xmlns:android="http://schemas.android.com/apk/res/android"
3    package="com.example.frontend"
4    android:versionCode="1"
5    android:versionName="1.0.0" >
6
7    <uses-sdk
8        android:minSdkVersion="21"
9        android:targetSdkVersion="35" />
10
11    <permission
11-->[androidx.core:core:1.13.1] AndroidManifest.xml:22:5-24:47
12        android:name="com.example.frontend.DYNAMIC_RECEIVER_NOT_EXPORTED_PERMISSION"
12-->[androidx.core:core:1.13.1] AndroidManifest.xml:23:9-81
13        android:protectionLevel="signature" />
13-->[androidx.core:core:1.13.1] AndroidManifest.xml:24:9-44
14
15    <uses-permission android:name="com.example.frontend.DYNAMIC_RECEIVER_NOT_EXPORTED_PERMISSION" />
15-->[androidx.core:core:1.13.1] AndroidManifest.xml:26:5-97
15-->[androidx.core:core:1.13.1] AndroidManifest.xml:26:22-94
16
17    <application
18        android:name="android.app.Application"
18-->src/main/AndroidManifest.xml:4:9-42
19        android:appComponentFactory="androidx.core.app.CoreComponentFactory"
19-->[androidx.core:core:1.13.1] AndroidManifest.xml:28:18-86
20        android:extractNativeLibs="true"
21        android:icon="@mipmap/ic_launcher"
21-->src/main/AndroidManifest.xml:5:9-43
22        android:label="BikeRent Nepal" >
22-->src/main/AndroidManifest.xml:3:9-39
23        <activity
23-->src/main/AndroidManifest.xml:6:9-22:20
24            android:name="com.example.frontend.MainActivity"
24-->src/main/AndroidManifest.xml:7:13-41
25            android:configChanges="orientation|keyboardHidden|keyboard|screenSize|smallestScreenSize|locale|layoutDirection|fontScale|screenLayout|density|uiMode"
25-->src/main/AndroidManifest.xml:11:13-163
26            android:exported="true"
26-->src/main/AndroidManifest.xml:8:13-36
27            android:hardwareAccelerated="true"
27-->src/main/AndroidManifest.xml:12:13-47
28            android:launchMode="singleTop"
28-->src/main/AndroidManifest.xml:9:13-43
29            android:theme="@style/LaunchTheme"
29-->src/main/AndroidManifest.xml:10:13-47
30            android:windowSoftInputMode="adjustResize" >
30-->src/main/AndroidManifest.xml:13:13-55
31            <meta-data
31-->src/main/AndroidManifest.xml:14:13-17:17
32                android:name="io.flutter.embedding.android.NormalTheme"
32-->src/main/AndroidManifest.xml:15:15-70
33                android:resource="@style/NormalTheme" />
33-->src/main/AndroidManifest.xml:16:15-52
34
35            <intent-filter>
35-->src/main/AndroidManifest.xml:18:13-21:29
36                <action android:name="android.intent.action.MAIN" />
36-->src/main/AndroidManifest.xml:19:17-68
36-->src/main/AndroidManifest.xml:19:25-66
37
38                <category android:name="android.intent.category.LAUNCHER" />
38-->src/main/AndroidManifest.xml:20:17-76
38-->src/main/AndroidManifest.xml:20:27-74
39            </intent-filter>
40        </activity>
41
42        <meta-data
42-->src/main/AndroidManifest.xml:23:9-25:33
43            android:name="flutterEmbedding"
43-->src/main/AndroidManifest.xml:24:13-44
44            android:value="2" />
44-->src/main/AndroidManifest.xml:25:13-30
45
46        <provider
46-->[:image_picker_android] AndroidManifest.xml:9:9-17:20
47            android:name="io.flutter.plugins.imagepicker.ImagePickerFileProvider"
47-->[:image_picker_android] AndroidManifest.xml:10:13-82
48            android:authorities="com.example.frontend.flutter.image_provider"
48-->[:image_picker_android] AndroidManifest.xml:11:13-74
49            android:exported="false"
49-->[:image_picker_android] AndroidManifest.xml:12:13-37
50            android:grantUriPermissions="true" >
50-->[:image_picker_android] AndroidManifest.xml:13:13-47
51            <meta-data
51-->[:image_picker_android] AndroidManifest.xml:14:13-16:75
52                android:name="android.support.FILE_PROVIDER_PATHS"
52-->[:image_picker_android] AndroidManifest.xml:15:17-67
53                android:resource="@xml/flutter_image_picker_file_paths" />
53-->[:image_picker_android] AndroidManifest.xml:16:17-72
54        </provider> <!-- Trigger Google Play services to install the backported photo picker module. -->
55        <service
55-->[:image_picker_android] AndroidManifest.xml:19:9-31:19
56            android:name="com.google.android.gms.metadata.ModuleDependencies"
56-->[:image_picker_android] AndroidManifest.xml:20:13-78
57            android:enabled="false"
57-->[:image_picker_android] AndroidManifest.xml:21:13-36
58            android:exported="false" >
58-->[:image_picker_android] AndroidManifest.xml:22:13-37
59            <intent-filter>
59-->[:image_picker_android] AndroidManifest.xml:24:13-26:29
60                <action android:name="com.google.android.gms.metadata.MODULE_DEPENDENCIES" />
60-->[:image_picker_android] AndroidManifest.xml:25:17-94
60-->[:image_picker_android] AndroidManifest.xml:25:25-91
61            </intent-filter>
62
63            <meta-data
63-->[:image_picker_android] AndroidManifest.xml:28:13-30:36
64                android:name="photopicker_activity:0:required"
64-->[:image_picker_android] AndroidManifest.xml:29:17-63
65                android:value="" />
65-->[:image_picker_android] AndroidManifest.xml:30:17-33
66        </service>
67        <service
67-->[:geolocator_android] AndroidManifest.xml:8:9-12:56
68            android:name="com.baseflow.geolocator.GeolocatorLocationService"
68-->[:geolocator_android] AndroidManifest.xml:9:13-77
69            android:enabled="true"
69-->[:geolocator_android] AndroidManifest.xml:10:13-35
70            android:exported="false"
70-->[:geolocator_android] AndroidManifest.xml:11:13-37
71            android:foregroundServiceType="location" />
71-->[:geolocator_android] AndroidManifest.xml:12:13-53
72
73        <activity
73-->[:url_launcher_android] AndroidManifest.xml:8:9-11:74
74            android:name="io.flutter.plugins.urllauncher.WebViewActivity"
74-->[:url_launcher_android] AndroidManifest.xml:9:13-74
75            android:exported="false"
75-->[:url_launcher_android] AndroidManifest.xml:10:13-37
76            android:theme="@android:style/Theme.NoTitleBar.Fullscreen" />
76-->[:url_launcher_android] AndroidManifest.xml:11:13-71
77        <activity
77-->[com.google.android.gms:play-services-base:18.3.0] AndroidManifest.xml:20:9-22:45
78            android:name="com.google.android.gms.common.api.GoogleApiActivity"
78-->[com.google.android.gms:play-services-base:18.3.0] AndroidManifest.xml:20:19-85
79            android:exported="false"
79-->[com.google.android.gms:play-services-base:18.3.0] AndroidManifest.xml:22:19-43
80            android:theme="@android:style/Theme.Translucent.NoTitleBar" />
80-->[com.google.android.gms:play-services-base:18.3.0] AndroidManifest.xml:21:19-78
81
82        <meta-data
82-->[com.google.android.gms:play-services-basement:18.3.0] AndroidManifest.xml:21:9-23:69
83            android:name="com.google.android.gms.version"
83-->[com.google.android.gms:play-services-basement:18.3.0] AndroidManifest.xml:22:13-58
84            android:value="@integer/google_play_services_version" />
84-->[com.google.android.gms:play-services-basement:18.3.0] AndroidManifest.xml:23:13-66
85
86        <uses-library
86-->[androidx.window:window:1.2.0] AndroidManifest.xml:23:9-25:40
87            android:name="androidx.window.extensions"
87-->[androidx.window:window:1.2.0] AndroidManifest.xml:24:13-54
88            android:required="false" />
88-->[androidx.window:window:1.2.0] AndroidManifest.xml:25:13-37
89        <uses-library
89-->[androidx.window:window:1.2.0] AndroidManifest.xml:26:9-28:40
90            android:name="androidx.window.sidecar"
90-->[androidx.window:window:1.2.0] AndroidManifest.xml:27:13-51
91            android:required="false" />
91-->[androidx.window:window:1.2.0] AndroidManifest.xml:28:13-37
92
93        <provider
93-->[androidx.lifecycle:lifecycle-process:2.7.0] AndroidManifest.xml:24:9-32:20
94            android:name="androidx.startup.InitializationProvider"
94-->[androidx.lifecycle:lifecycle-process:2.7.0] AndroidManifest.xml:25:13-67
95            android:authorities="com.example.frontend.androidx-startup"
95-->[androidx.lifecycle:lifecycle-process:2.7.0] AndroidManifest.xml:26:13-68
96            android:exported="false" >
96-->[androidx.lifecycle:lifecycle-process:2.7.0] AndroidManifest.xml:27:13-37
97            <meta-data
97-->[androidx.lifecycle:lifecycle-process:2.7.0] AndroidManifest.xml:29:13-31:52
98                android:name="androidx.lifecycle.ProcessLifecycleInitializer"
98-->[androidx.lifecycle:lifecycle-process:2.7.0] AndroidManifest.xml:30:17-78
99                android:value="androidx.startup" />
99-->[androidx.lifecycle:lifecycle-process:2.7.0] AndroidManifest.xml:31:17-49
100            <meta-data
100-->[androidx.profileinstaller:profileinstaller:1.3.1] AndroidManifest.xml:29:13-31:52
101                android:name="androidx.profileinstaller.ProfileInstallerInitializer"
101-->[androidx.profileinstaller:profileinstaller:1.3.1] AndroidManifest.xml:30:17-85
102                android:value="androidx.startup" />
102-->[androidx.profileinstaller:profileinstaller:1.3.1] AndroidManifest.xml:31:17-49
103        </provider>
104
105        <receiver
105-->[androidx.profileinstaller:profileinstaller:1.3.1] AndroidManifest.xml:34:9-52:20
106            android:name="androidx.profileinstaller.ProfileInstallReceiver"
106-->[androidx.profileinstaller:profileinstaller:1.3.1] AndroidManifest.xml:35:13-76
107            android:directBootAware="false"
107-->[androidx.profileinstaller:profileinstaller:1.3.1] AndroidManifest.xml:36:13-44
108            android:enabled="true"
108-->[androidx.profileinstaller:profileinstaller:1.3.1] AndroidManifest.xml:37:13-35
109            android:exported="true"
109-->[androidx.profileinstaller:profileinstaller:1.3.1] AndroidManifest.xml:38:13-36
110            android:permission="android.permission.DUMP" >
110-->[androidx.profileinstaller:profileinstaller:1.3.1] AndroidManifest.xml:39:13-57
111            <intent-filter>
111-->[androidx.profileinstaller:profileinstaller:1.3.1] AndroidManifest.xml:40:13-42:29
112                <action android:name="androidx.profileinstaller.action.INSTALL_PROFILE" />
112-->[androidx.profileinstaller:profileinstaller:1.3.1] AndroidManifest.xml:41:17-91
112-->[androidx.profileinstaller:profileinstaller:1.3.1] AndroidManifest.xml:41:25-88
113            </intent-filter>
114            <intent-filter>
114-->[androidx.profileinstaller:profileinstaller:1.3.1] AndroidManifest.xml:43:13-45:29
115                <action android:name="androidx.profileinstaller.action.SKIP_FILE" />
115-->[androidx.profileinstaller:profileinstaller:1.3.1] AndroidManifest.xml:44:17-85
115-->[androidx.profileinstaller:profileinstaller:1.3.1] AndroidManifest.xml:44:25-82
116            </intent-filter>
117            <intent-filter>
117-->[androidx.profileinstaller:profileinstaller:1.3.1] AndroidManifest.xml:46:13-48:29
118                <action android:name="androidx.profileinstaller.action.SAVE_PROFILE" />
118-->[androidx.profileinstaller:profileinstaller:1.3.1] AndroidManifest.xml:47:17-88
118-->[androidx.profileinstaller:profileinstaller:1.3.1] AndroidManifest.xml:47:25-85
119            </intent-filter>
120            <intent-filter>
120-->[androidx.profileinstaller:profileinstaller:1.3.1] AndroidManifest.xml:49:13-51:29
121                <action android:name="androidx.profileinstaller.action.BENCHMARK_OPERATION" />
121-->[androidx.profileinstaller:profileinstaller:1.3.1] AndroidManifest.xml:50:17-95
121-->[androidx.profileinstaller:profileinstaller:1.3.1] AndroidManifest.xml:50:25-92
122            </intent-filter>
123        </receiver>
124    </application>
125
126</manifest>